<?xml version="1.0" encoding="UTF-8" ?>
<testsuite tests="1" failures="0" name="com.liuhang.test.MiniCodeTest" time="0.268" errors="0" skipped="0">
  <properties>
    <property name="java.runtime.name" value="Java(TM) SE Runtime Environment"/>
    <property name="sun.boot.library.path" value="E:\javatool\jdk18\jre\bin"/>
    <property name="java.vm.version" value="25.131-b11"/>
    <property name="java.vm.vendor" value="Oracle Corporation"/>
    <property name="java.vendor.url" value="http://java.oracle.com/"/>
    <property name="path.separator" value=";"/>
    <property name="java.vm.name" value="Java HotSpot(TM) 64-Bit Server VM"/>
    <property name="file.encoding.pkg" value="sun.io"/>
    <property name="user.script" value=""/>
    <property name="user.country" value="CN"/>
    <property name="sun.java.launcher" value="SUN_STANDARD"/>
    <property name="sun.os.patch.level" value=""/>
    <property name="java.vm.specification.name" value="Java Virtual Machine Specification"/>
    <property name="user.dir" value="E:\workspace\miniCode"/>
    <property name="java.runtime.version" value="1.8.0_131-b11"/>
    <property name="java.awt.graphicsenv" value="sun.awt.Win32GraphicsEnvironment"/>
    <property name="basedir" value="E:\workspace\miniCode"/>
    <property name="java.endorsed.dirs" value="E:\javatool\jdk18\jre\lib\endorsed"/>
    <property name="os.arch" value="amd64"/>
    <property name="surefire.real.class.path" value="E:\workspace\miniCode\target\surefire\surefirebooter461777214301430881.jar"/>
    <property name="java.io.tmpdir" value="C:\Users\admin\AppData\Local\Temp\"/>
    <property name="line.separator" value="
"/>
    <property name="java.vm.specification.vendor" value="Oracle Corporation"/>
    <property name="user.variant" value=""/>
    <property name="os.name" value="Windows 10"/>
    <property name="sun.jnu.encoding" value="GBK"/>
    <property name="java.library.path" value="E:\javatool\jdk18\jre\bin;C:\WINDOWS\Sun\Java\bin;C:\WINDOWS\system32;C:\WINDOWS;E:/javatool/jdk_temp/bin/server;E:/javatool/jdk_temp/bin;E:/javatool/jdk_temp/lib/amd64;C:\ProgramData\Oracle\Java\javapath;E:\javatool\jdk18\bin;C:\Program Files (x86)\Intel\iCLS Client\;C:\Program Files\Intel\iCLS Client\;C:\windows\system32;C:\windows;C:\windows\System32\Wbem;C:\windows\System32\WindowsPowerShell\v1.0\;C:\Program Files (x86)\NVIDIA Corporation\PhysX\Common;C:\Program Files (x86)\Intel\Intel(R) Management Engine Components\DAL;C:\Program Files\Intel\Intel(R) Management Engine Components\DAL;C:\Program Files (x86)\Intel\Intel(R) Management Engine Components\IPT;C:\Program Files\Intel\Intel(R) Management Engine Components\IPT;C:\Program Files\Samsung\SamsungLink\AllShare Framework DMS\bin\;C:\WINDOWS\system32;C:\WINDOWS;C:\WINDOWS\System32\Wbem;C:\WINDOWS\System32\WindowsPowerShell\v1.0\;E:\javatool\apache-maven\bin;C:\Program Files (x86)\AOMEI Backupper;E:\andriod\sdk\platform-tools;C:\WINDOWS\System32\OpenSSH\;E:\javatool\svn\bin;E:\javatool\svn\kehuduan\bin;C:\Users\admin\AppData\Local\Microsoft\WindowsApps;;E:\javatool\eclipse;;."/>
    <property name="surefire.test.class.path" value="E:\workspace\miniCode\target\test-classes;E:\workspace\miniCode\target\classes;E:\javatool\myResposibility\repository\junit\junit\4.12\junit-4.12.jar;E:\javatool\myResposibility\repository\org\hamcrest\hamcrest-core\1.3\hamcrest-core-1.3.jar;E:\javatool\myResposibility\repository\com\alibaba\fastjson\1.1.36\fastjson-1.1.36.jar;"/>
    <property name="java.specification.name" value="Java Platform API Specification"/>
    <property name="java.class.version" value="52.0"/>
    <property name="sun.management.compiler" value="HotSpot 64-Bit Tiered Compilers"/>
    <property name="os.version" value="10.0"/>
    <property name="user.home" value="C:\Users\admin"/>
    <property name="user.timezone" value=""/>
    <property name="java.awt.printerjob" value="sun.awt.windows.WPrinterJob"/>
    <property name="java.specification.version" value="1.8"/>
    <property name="file.encoding" value="UTF-8"/>
    <property name="user.name" value="admin"/>
    <property name="java.class.path" value="E:\workspace\miniCode\target\test-classes;E:\workspace\miniCode\target\classes;E:\javatool\myResposibility\repository\junit\junit\4.12\junit-4.12.jar;E:\javatool\myResposibility\repository\org\hamcrest\hamcrest-core\1.3\hamcrest-core-1.3.jar;E:\javatool\myResposibility\repository\com\alibaba\fastjson\1.1.36\fastjson-1.1.36.jar;"/>
    <property name="java.vm.specification.version" value="1.8"/>
    <property name="sun.arch.data.model" value="64"/>
    <property name="java.home" value="E:\javatool\jdk18\jre"/>
    <property name="sun.java.command" value="E:\workspace\miniCode\target\surefire\surefirebooter461777214301430881.jar E:\workspace\miniCode\target\surefire\surefire4864510055493223278tmp E:\workspace\miniCode\target\surefire\surefire2474978420097654210tmp"/>
    <property name="java.specification.vendor" value="Oracle Corporation"/>
    <property name="user.language" value="zh"/>
    <property name="awt.toolkit" value="sun.awt.windows.WToolkit"/>
    <property name="java.vm.info" value="mixed mode"/>
    <property name="java.version" value="1.8.0_131"/>
    <property name="java.ext.dirs" value="E:\javatool\jdk18\jre\lib\ext;C:\WINDOWS\Sun\Java\lib\ext"/>
    <property name="sun.boot.class.path" value="E:\javatool\jdk18\jre\lib\resources.jar;E:\javatool\jdk18\jre\lib\rt.jar;E:\javatool\jdk18\jre\lib\sunrsasign.jar;E:\javatool\jdk18\jre\lib\jsse.jar;E:\javatool\jdk18\jre\lib\jce.jar;E:\javatool\jdk18\jre\lib\charsets.jar;E:\javatool\jdk18\jre\lib\jfr.jar;E:\javatool\jdk18\jre\classes"/>
    <property name="java.vendor" value="Oracle Corporation"/>
    <property name="localRepository" value="E:\javatool\myResposibility\repository"/>
    <property name="file.separator" value="\"/>
    <property name="java.vendor.url.bug" value="http://bugreport.sun.com/bugreport/"/>
    <property name="sun.cpu.endian" value="little"/>
    <property name="sun.io.unicode.encoding" value="UnicodeLittle"/>
    <property name="sun.desktop" value="windows"/>
    <property name="sun.cpu.isalist" value="amd64"/>
  </properties>
  <testcase classname="com.liuhang.test.MiniCodeTest" name="miniCodeTest" time="0.154"/>
</testsuite>